nginx-1  | /docker-entrypoint.sh: /docker-entrypoint.d/ is not empty, will attempt to perform configuration
nginx-1  | /docker-entrypoint.sh: Looking for shell scripts in /docker-entrypoint.d/
nginx-1  | /docker-entrypoint.sh: Launching /docker-entrypoint.d/10-listen-on-ipv6-by-default.sh
nginx-1  | 10-listen-on-ipv6-by-default.sh: info: /etc/nginx/conf.d/default.conf is not a file or does not exist
nginx-1  | /docker-entrypoint.sh: Sourcing /docker-entrypoint.d/15-local-resolvers.envsh
nginx-1  | /docker-entrypoint.sh: Launching /docker-entrypoint.d/20-envsubst-on-templates.sh
nginx-1  | /docker-entrypoint.sh: Launching /docker-entrypoint.d/30-tune-worker-processes.sh
nginx-1  | /docker-entrypoint.sh: Configuration complete; ready for start up
nginx-1  | 2025/12/31 16:41:44 [warn] 1#1: the "listen ... http2" directive is deprecated, use the "http2" directive instead in /etc/nginx/conf.d/site.conf:39
nginx-1  | nginx: [warn] the "listen ... http2" directive is deprecated, use the "http2" directive instead in /etc/nginx/conf.d/site.conf:39
nginx-1  | 2025/12/31 16:41:44 [warn] 1#1: the "listen ... http2" directive is deprecated, use the "http2" directive instead in /etc/nginx/conf.d/site.conf:40
nginx-1  | nginx: [warn] the "listen ... http2" directive is deprecated, use the "http2" directive instead in /etc/nginx/conf.d/site.conf:40
nginx-1  | 2025/12/31 16:41:44 [emerg] 1#1: SSL_CTX_set_cipher_list("ECDHE-ECDSA-AES128-GCM-SHA256:
nginx-1  | ECDHE-RSA-AES128-GCM-SHA256:
nginx-1  | ECDHE-ECDSA-AES256-GCM-SHA384:
nginx-1  | ECDHE-RSA-AES256-GCM-SHA384:
nginx-1  | ECDHE-ECDSA-CHACHA20-POLY1305:
nginx-1  | ECDHE-RSA-CHACHA20-POLY1305:
nginx-1  | DHE-RSA-AES128-GCM-SHA256:
nginx-1  | DHE-RSA-AES256-GCM-SHA384:
nginx-1  | DHE-RSA-CHACHA20-POLY1305") failed (SSL: error:0A000118:SSL routines::invalid command)
nginx-1  | nginx: [emerg] SSL_CTX_set_cipher_list("ECDHE-ECDSA-AES128-GCM-SHA256:
nginx-1  | ECDHE-RSA-AES128-GCM-SHA256:
nginx-1  | ECDHE-ECDSA-AES256-GCM-SHA384:
nginx-1  | ECDHE-RSA-AES256-GCM-SHA384:
nginx-1  | ECDHE-ECDSA-CHACHA20-POLY1305:
nginx-1  | ECDHE-RSA-CHACHA20-POLY1305:
nginx-1  | DHE-RSA-AES128-GCM-SHA256:
nginx-1  | DHE-RSA-AES256-GCM-SHA384:
nginx-1  | DHE-RSA-CHACHA20-POLY1305") failed (SSL: error:0A000118:SSL routines::invalid command)
nginx-1  | /docker-entrypoint.sh: /docker-entrypoint.d/ is not empty, will attempt to perform configuration
nginx-1  | /docker-entrypoint.sh: Looking for shell scripts in /docker-entrypoint.d/
nginx-1  | /docker-entrypoint.sh: Launching /docker-entrypoint.d/10-listen-on-ipv6-by-default.sh
nginx-1  | 10-listen-on-ipv6-by-default.sh: info: /etc/nginx/conf.d/default.conf is not a file or does not exist
nginx-1  | /docker-entrypoint.sh: Sourcing /docker-entrypoint.d/15-local-resolvers.envsh
nginx-1  | /docker-entrypoint.sh: Launching /docker-entrypoint.d/20-envsubst-on-templates.sh
nginx-1  | /docker-entrypoint.sh: Launching /docker-entrypoint.d/30-tune-worker-processes.sh
nginx-1  | /docker-entrypoint.sh: Configuration complete; ready for start up
nginx-1  | 2025/12/31 16:41:46 [warn] 1#1: the "listen ... http2" directive is deprecated, use the "http2" directive instead in /etc/nginx/conf.d/site.conf:39
nginx-1  | nginx: [warn] the "listen ... http2" directive is deprecated, use the "http2" directive instead in /etc/nginx/conf.d/site.conf:39
nginx-1  | 2025/12/31 16:41:46 [warn] 1#1: the "listen ... http2" directive is deprecated, use the "http2" directive instead in /etc/nginx/conf.d/site.conf:40
nginx-1  | nginx: [warn] the "listen ... http2" directive is deprecated, use the "http2" directive instead in /etc/nginx/conf.d/site.conf:40
nginx-1  | 2025/12/31 16:41:46 [emerg] 1#1: SSL_CTX_set_cipher_list("ECDHE-ECDSA-AES128-GCM-SHA256:
nginx-1  | ECDHE-RSA-AES128-GCM-SHA256:
nginx-1  | ECDHE-ECDSA-AES256-GCM-SHA384:
nginx-1  | ECDHE-RSA-AES256-GCM-SHA384:
nginx-1  | ECDHE-ECDSA-CHACHA20-POLY1305:
nginx-1  | ECDHE-RSA-CHACHA20-POLY1305:
nginx-1  | DHE-RSA-AES128-GCM-SHA256:
nginx-1  | DHE-RSA-AES256-GCM-SHA384:
nginx-1  | DHE-RSA-CHACHA20-POLY1305") failed (SSL: error:0A000118:SSL routines::invalid command)
nginx-1  | nginx: [emerg] SSL_CTX_set_cipher_list("ECDHE-ECDSA-AES128-GCM-SHA256:
nginx-1  | ECDHE-RSA-AES128-GCM-SHA256:
nginx-1  | ECDHE-ECDSA-AES256-GCM-SHA384:
nginx-1  | ECDHE-RSA-AES256-GCM-SHA384:
nginx-1  | ECDHE-ECDSA-CHACHA20-POLY1305:
nginx-1  | ECDHE-RSA-CHACHA20-POLY1305:
nginx-1  | DHE-RSA-AES128-GCM-SHA256:
nginx-1  | DHE-RSA-AES256-GCM-SHA384:
nginx-1  | DHE-RSA-CHACHA20-POLY1305") failed (SSL: error:0A000118:SSL routines::invalid command)
nginx-1  | /docker-entrypoint.sh: /docker-entrypoint.d/ is not empty, will attempt to perform configuration
nginx-1  | /docker-entrypoint.sh: Looking for shell scripts in /docker-entrypoint.d/
nginx-1  | /docker-entrypoint.sh: Launching /docker-entrypoint.d/10-listen-on-ipv6-by-default.sh
nginx-1  | 10-listen-on-ipv6-by-default.sh: info: /etc/nginx/conf.d/default.conf is not a file or does not exist
nginx-1  | /docker-entrypoint.sh: Sourcing /docker-entrypoint.d/15-local-resolvers.envsh
nginx-1  | /docker-entrypoint.sh: Launching /docker-entrypoint.d/20-envsubst-on-templates.sh
nginx-1  | /docker-entrypoint.sh: Launching /docker-entrypoint.d/30-tune-worker-processes.sh
nginx-1  | /docker-entrypoint.sh: Configuration complete; ready for start up
nginx-1  | 2025/12/31 16:41:47 [warn] 1#1: the "listen ... http2" directive is deprecated, use the "http2" directive instead in /etc/nginx/conf.d/site.conf:39
nginx-1  | nginx: [warn] the "listen ... http2" directive is deprecated, use the "http2" directive instead in /etc/nginx/conf.d/site.conf:39
nginx-1  | 2025/12/31 16:41:47 [warn] 1#1: the "listen ... http2" directive is deprecated, use the "http2" directive instead in /etc/nginx/conf.d/site.conf:40
nginx-1  | nginx: [warn] the "listen ... http2" directive is deprecated, use the "http2" directive instead in /etc/nginx/conf.d/site.conf:40
nginx-1  | 2025/12/31 16:41:47 [emerg] 1#1: SSL_CTX_set_cipher_list("ECDHE-ECDSA-AES128-GCM-SHA256:
nginx-1  | ECDHE-RSA-AES128-GCM-SHA256:
nginx-1  | ECDHE-ECDSA-AES256-GCM-SHA384:
nginx-1  | ECDHE-RSA-AES256-GCM-SHA384:
nginx-1  | ECDHE-ECDSA-CHACHA20-POLY1305:
nginx-1  | ECDHE-RSA-CHACHA20-POLY1305:
nginx-1  | DHE-RSA-AES128-GCM-SHA256:
nginx-1  | DHE-RSA-AES256-GCM-SHA384:
nginx-1  | DHE-RSA-CHACHA20-POLY1305") failed (SSL: error:0A000118:SSL routines::invalid command)
nginx-1  | nginx: [emerg] SSL_CTX_set_cipher_list("ECDHE-ECDSA-AES128-GCM-SHA256:
nginx-1  | ECDHE-RSA-AES128-GCM-SHA256:
nginx-1  | ECDHE-ECDSA-AES256-GCM-SHA384:
nginx-1  | ECDHE-RSA-AES256-GCM-SHA384:
nginx-1  | ECDHE-ECDSA-CHACHA20-POLY1305:
nginx-1  | ECDHE-RSA-CHACHA20-POLY1305:
nginx-1  | DHE-RSA-AES128-GCM-SHA256:
nginx-1  | DHE-RSA-AES256-GCM-SHA384:
nginx-1  | DHE-RSA-CHACHA20-POLY1305") failed (SSL: error:0A000118:SSL routines::invalid command)
nginx-1  | /docker-entrypoint.sh: /docker-entrypoint.d/ is not empty, will attempt to perform configuration
nginx-1  | /docker-entrypoint.sh: Looking for shell scripts in /docker-entrypoint.d/
nginx-1  | /docker-entrypoint.sh: Launching /docker-entrypoint.d/10-listen-on-ipv6-by-default.sh
nginx-1  | 10-listen-on-ipv6-by-default.sh: info: /etc/nginx/conf.d/default.conf is not a file or does not exist
nginx-1  | /docker-entrypoint.sh: Sourcing /docker-entrypoint.d/15-local-resolvers.envsh
nginx-1  | /docker-entrypoint.sh: Launching /docker-entrypoint.d/20-envsubst-on-templates.sh
nginx-1  | /docker-entrypoint.sh: Launching /docker-entrypoint.d/30-tune-worker-processes.sh
nginx-1  | /docker-entrypoint.sh: Configuration complete; ready for start up
nginx-1  | 2025/12/31 16:41:49 [warn] 1#1: the "listen ... http2" directive is deprecated, use the "http2" directive instead in /etc/nginx/conf.d/site.conf:39
nginx-1  | nginx: [warn] the "listen ... http2" directive is deprecated, use the "http2" directive instead in /etc/nginx/conf.d/site.conf:39
nginx-1  | 2025/12/31 16:41:49 [warn] 1#1: the "listen ... http2" directive is deprecated, use the "http2" directive instead in /etc/nginx/conf.d/site.conf:40
nginx-1  | nginx: [warn] the "listen ... http2" directive is deprecated, use the "http2" directive instead in /etc/nginx/conf.d/site.conf:40
nginx-1  | 2025/12/31 16:41:49 [emerg] 1#1: SSL_CTX_set_cipher_list("ECDHE-ECDSA-AES128-GCM-SHA256:
nginx-1  | ECDHE-RSA-AES128-GCM-SHA256:
nginx-1  | ECDHE-ECDSA-AES256-GCM-SHA384:
nginx-1  | ECDHE-RSA-AES256-GCM-SHA384:
nginx-1  | ECDHE-ECDSA-CHACHA20-POLY1305:
nginx-1  | ECDHE-RSA-CHACHA20-POLY1305:
nginx-1  | DHE-RSA-AES128-GCM-SHA256:
nginx-1  | DHE-RSA-AES256-GCM-SHA384:
nginx-1  | DHE-RSA-CHACHA20-POLY1305") failed (SSL: error:0A000118:SSL routines::invalid command)
nginx-1  | nginx: [emerg] SSL_CTX_set_cipher_list("ECDHE-ECDSA-AES128-GCM-SHA256:
nginx-1  | ECDHE-RSA-AES128-GCM-SHA256:
nginx-1  | ECDHE-ECDSA-AES256-GCM-SHA384:
nginx-1  | ECDHE-RSA-AES256-GCM-SHA384:
nginx-1  | ECDHE-ECDSA-CHACHA20-POLY1305:
nginx-1  | ECDHE-RSA-CHACHA20-POLY1305:
nginx-1  | DHE-RSA-AES128-GCM-SHA256:
nginx-1  | DHE-RSA-AES256-GCM-SHA384:
nginx-1  | DHE-RSA-CHACHA20-POLY1305") failed (SSL: error:0A000118:SSL routines::invalid command)
nginx-1  | /docker-entrypoint.sh: /docker-entrypoint.d/ is not empty, will attempt to perform configuration
nginx-1  | /docker-entrypoint.sh: Looking for shell scripts in /docker-entrypoint.d/
nginx-1  | /docker-entrypoint.sh: Launching /docker-entrypoint.d/10-listen-on-ipv6-by-default.sh
nginx-1  | 10-listen-on-ipv6-by-default.sh: info: /etc/nginx/conf.d/default.conf is not a file or does not exist
nginx-1  | /docker-entrypoint.sh: Sourcing /docker-entrypoint.d/15-local-resolvers.envsh
nginx-1  | /docker-entrypoint.sh: Launching /docker-entrypoint.d/20-envsubst-on-templates.sh
nginx-1  | /docker-entrypoint.sh: Launching /docker-entrypoint.d/30-tune-worker-processes.sh
nginx-1  | /docker-entrypoint.sh: Configuration complete; ready for start up
nginx-1  | 2025/12/31 16:41:51 [warn] 1#1: the "listen ... http2" directive is deprecated, use the "http2" directive instead in /etc/nginx/conf.d/site.conf:39
nginx-1  | nginx: [warn] the "listen ... http2" directive is deprecated, use the "http2" directive instead in /etc/nginx/conf.d/site.conf:39
nginx-1  | 2025/12/31 16:41:51 [warn] 1#1: the "listen ... http2" directive is deprecated, use the "http2" directive instead in /etc/nginx/conf.d/site.conf:40
nginx-1  | nginx: [warn] the "listen ... http2" directive is deprecated, use the "http2" directive instead in /etc/nginx/conf.d/site.conf:40
nginx-1  | 2025/12/31 16:41:51 [emerg] 1#1: SSL_CTX_set_cipher_list("ECDHE-ECDSA-AES128-GCM-SHA256:
nginx-1  | ECDHE-RSA-AES128-GCM-SHA256:
nginx-1  | ECDHE-ECDSA-AES256-GCM-SHA384:
nginx-1  | ECDHE-RSA-AES256-GCM-SHA384:
nginx-1  | ECDHE-ECDSA-CHACHA20-POLY1305:
nginx-1  | ECDHE-RSA-CHACHA20-POLY1305:
nginx-1  | DHE-RSA-AES128-GCM-SHA256:
nginx-1  | DHE-RSA-AES256-GCM-SHA384:
nginx-1  | DHE-RSA-CHACHA20-POLY1305") failed (SSL: error:0A000118:SSL routines::invalid command)
nginx-1  | nginx: [emerg] SSL_CTX_set_cipher_list("ECDHE-ECDSA-AES128-GCM-SHA256:
nginx-1  | ECDHE-RSA-AES128-GCM-SHA256:
nginx-1  | ECDHE-ECDSA-AES256-GCM-SHA384:
nginx-1  | ECDHE-RSA-AES256-GCM-SHA384:
nginx-1  | ECDHE-ECDSA-CHACHA20-POLY1305:
nginx-1  | ECDHE-RSA-CHACHA20-POLY1305:
nginx-1  | DHE-RSA-AES128-GCM-SHA256:
nginx-1  | DHE-RSA-AES256-GCM-SHA384:
nginx-1  | DHE-RSA-CHACHA20-POLY1305") failed (SSL: error:0A000118:SSL routines::invalid command)
nginx-1  | /docker-entrypoint.sh: /docker-entrypoint.d/ is not empty, will attempt to perform configuration
nginx-1  | /docker-entrypoint.sh: Looking for shell scripts in /docker-entrypoint.d/
nginx-1  | /docker-entrypoint.sh: Launching /docker-entrypoint.d/10-listen-on-ipv6-by-default.sh
nginx-1  | 10-listen-on-ipv6-by-default.sh: info: /etc/nginx/conf.d/default.conf is not a file or does not exist
nginx-1  | /docker-entrypoint.sh: Sourcing /docker-entrypoint.d/15-local-resolvers.envsh
nginx-1  | /docker-entrypoint.sh: Launching /docker-entrypoint.d/20-envsubst-on-templates.sh
nginx-1  | /docker-entrypoint.sh: Launching /docker-entrypoint.d/30-tune-worker-processes.sh
nginx-1  | /docker-entrypoint.sh: Configuration complete; ready for start up
nginx-1  | 2025/12/31 16:41:53 [warn] 1#1: the "listen ... http2" directive is deprecated, use the "http2" directive instead in /etc/nginx/conf.d/site.conf:39
nginx-1  | nginx: [warn] the "listen ... http2" directive is deprecated, use the "http2" directive instead in /etc/nginx/conf.d/site.conf:39
nginx-1  | 2025/12/31 16:41:53 [warn] 1#1: the "listen ... http2" directive is deprecated, use the "http2" directive instead in /etc/nginx/conf.d/site.conf:40
nginx-1  | nginx: [warn] the "listen ... http2" directive is deprecated, use the "http2" directive instead in /etc/nginx/conf.d/site.conf:40
nginx-1  | 2025/12/31 16:41:53 [emerg] 1#1: SSL_CTX_set_cipher_list("ECDHE-ECDSA-AES128-GCM-SHA256:
nginx-1  | ECDHE-RSA-AES128-GCM-SHA256:
nginx-1  | ECDHE-ECDSA-AES256-GCM-SHA384:
nginx-1  | ECDHE-RSA-AES256-GCM-SHA384:
nginx-1  | ECDHE-ECDSA-CHACHA20-POLY1305:
nginx-1  | ECDHE-RSA-CHACHA20-POLY1305:
nginx-1  | DHE-RSA-AES128-GCM-SHA256:
nginx-1  | DHE-RSA-AES256-GCM-SHA384:
nginx-1  | DHE-RSA-CHACHA20-POLY1305") failed (SSL: error:0A000118:SSL routines::invalid command)
nginx-1  | nginx: [emerg] SSL_CTX_set_cipher_list("ECDHE-ECDSA-AES128-GCM-SHA256:
nginx-1  | ECDHE-RSA-AES128-GCM-SHA256:
nginx-1  | ECDHE-ECDSA-AES256-GCM-SHA384:
nginx-1  | ECDHE-RSA-AES256-GCM-SHA384:
nginx-1  | ECDHE-ECDSA-CHACHA20-POLY1305:
nginx-1  | ECDHE-RSA-CHACHA20-POLY1305:
nginx-1  | DHE-RSA-AES128-GCM-SHA256:
nginx-1  | DHE-RSA-AES256-GCM-SHA384:
nginx-1  | DHE-RSA-CHACHA20-POLY1305") failed (SSL: error:0A000118:SSL routines::invalid command)
nginx-1  | /docker-entrypoint.sh: /docker-entrypoint.d/ is not empty, will attempt to perform configuration
nginx-1  | /docker-entrypoint.sh: Looking for shell scripts in /docker-entrypoint.d/
nginx-1  | /docker-entrypoint.sh: Launching /docker-entrypoint.d/10-listen-on-ipv6-by-default.sh
nginx-1  | 10-listen-on-ipv6-by-default.sh: info: /etc/nginx/conf.d/default.conf is not a file or does not exist
nginx-1  | /docker-entrypoint.sh: Sourcing /docker-entrypoint.d/15-local-resolvers.envsh
nginx-1  | /docker-entrypoint.sh: Launching /docker-entrypoint.d/20-envsubst-on-templates.sh
nginx-1  | /docker-entrypoint.sh: Launching /docker-entrypoint.d/30-tune-worker-processes.sh
nginx-1  | /docker-entrypoint.sh: Configuration complete; ready for start up
nginx-1  | 2025/12/31 16:41:57 [warn] 1#1: the "listen ... http2" directive is deprecated, use the "http2" directive instead in /etc/nginx/conf.d/site.conf:39
nginx-1  | nginx: [warn] the "listen ... http2" directive is deprecated, use the "http2" directive instead in /etc/nginx/conf.d/site.conf:39
nginx-1  | 2025/12/31 16:41:57 [warn] 1#1: the "listen ... http2" directive is deprecated, use the "http2" directive instead in /etc/nginx/conf.d/site.conf:40
nginx-1  | nginx: [warn] the "listen ... http2" directive is deprecated, use the "http2" directive instead in /etc/nginx/conf.d/site.conf:40
nginx-1  | 2025/12/31 16:41:57 [emerg] 1#1: SSL_CTX_set_cipher_list("ECDHE-ECDSA-AES128-GCM-SHA256:
nginx-1  | ECDHE-RSA-AES128-GCM-SHA256:
nginx-1  | ECDHE-ECDSA-AES256-GCM-SHA384:
nginx-1  | ECDHE-RSA-AES256-GCM-SHA384:
nginx-1  | ECDHE-ECDSA-CHACHA20-POLY1305:
nginx-1  | ECDHE-RSA-CHACHA20-POLY1305:
nginx-1  | DHE-RSA-AES128-GCM-SHA256:
nginx-1  | DHE-RSA-AES256-GCM-SHA384:
nginx-1  | DHE-RSA-CHACHA20-POLY1305") failed (SSL: error:0A000118:SSL routines::invalid command)
nginx-1  | nginx: [emerg] SSL_CTX_set_cipher_list("ECDHE-ECDSA-AES128-GCM-SHA256:
nginx-1  | ECDHE-RSA-AES128-GCM-SHA256:
nginx-1  | ECDHE-ECDSA-AES256-GCM-SHA384:
nginx-1  | ECDHE-RSA-AES256-GCM-SHA384:
nginx-1  | ECDHE-ECDSA-CHACHA20-POLY1305:
nginx-1  | ECDHE-RSA-CHACHA20-POLY1305:
nginx-1  | DHE-RSA-AES128-GCM-SHA256:
nginx-1  | DHE-RSA-AES256-GCM-SHA384:
nginx-1  | DHE-RSA-CHACHA20-POLY1305") failed (SSL: error:0A000118:SSL routines::invalid command)
nginx-1  | /docker-entrypoint.sh: /docker-entrypoint.d/ is not empty, will attempt to perform configuration
nginx-1  | /docker-entrypoint.sh: Looking for shell scripts in /docker-entrypoint.d/
nginx-1  | /docker-entrypoint.sh: Launching /docker-entrypoint.d/10-listen-on-ipv6-by-default.sh
nginx-1  | 10-listen-on-ipv6-by-default.sh: info: /etc/nginx/conf.d/default.conf is not a file or does not exist
nginx-1  | /docker-entrypoint.sh: Sourcing /docker-entrypoint.d/15-local-resolvers.envsh
nginx-1  | /docker-entrypoint.sh: Launching /docker-entrypoint.d/20-envsubst-on-templates.sh
nginx-1  | /docker-entrypoint.sh: Launching /docker-entrypoint.d/30-tune-worker-processes.sh
nginx-1  | /docker-entrypoint.sh: Configuration complete; ready for start up
nginx-1  | 2025/12/31 16:42:05 [warn] 1#1: the "listen ... http2" directive is deprecated, use the "http2" directive instead in /etc/nginx/conf.d/site.conf:39
nginx-1  | nginx: [warn] the "listen ... http2" directive is deprecated, use the "http2" directive instead in /etc/nginx/conf.d/site.conf:39
nginx-1  | 2025/12/31 16:42:05 [warn] 1#1: the "listen ... http2" directive is deprecated, use the "http2" directive instead in /etc/nginx/conf.d/site.conf:40
nginx-1  | nginx: [warn] the "listen ... http2" directive is deprecated, use the "http2" directive instead in /etc/nginx/conf.d/site.conf:40
nginx-1  | 2025/12/31 16:42:05 [emerg] 1#1: SSL_CTX_set_cipher_list("ECDHE-ECDSA-AES128-GCM-SHA256:
nginx-1  | ECDHE-RSA-AES128-GCM-SHA256:
nginx-1  | ECDHE-ECDSA-AES256-GCM-SHA384:
nginx-1  | ECDHE-RSA-AES256-GCM-SHA384:
nginx-1  | ECDHE-ECDSA-CHACHA20-POLY1305:
nginx-1  | ECDHE-RSA-CHACHA20-POLY1305:
nginx-1  | DHE-RSA-AES128-GCM-SHA256:
nginx-1  | DHE-RSA-AES256-GCM-SHA384:
nginx-1  | DHE-RSA-CHACHA20-POLY1305") failed (SSL: error:0A000118:SSL routines::invalid command)
nginx-1  | nginx: [emerg] SSL_CTX_set_cipher_list("ECDHE-ECDSA-AES128-GCM-SHA256:
nginx-1  | ECDHE-RSA-AES128-GCM-SHA256:
nginx-1  | ECDHE-ECDSA-AES256-GCM-SHA384:
nginx-1  | ECDHE-RSA-AES256-GCM-SHA384:
nginx-1  | ECDHE-ECDSA-CHACHA20-POLY1305:
nginx-1  | ECDHE-RSA-CHACHA20-POLY1305:
nginx-1  | DHE-RSA-AES128-GCM-SHA256:
nginx-1  | DHE-RSA-AES256-GCM-SHA384:
nginx-1  | DHE-RSA-CHACHA20-POLY1305") failed (SSL: error:0A000118:SSL routines::invalid command)
nginx-1  | /docker-entrypoint.sh: /docker-entrypoint.d/ is not empty, will attempt to perform configuration
nginx-1  | /docker-entrypoint.sh: Looking for shell scripts in /docker-entrypoint.d/
nginx-1  | /docker-entrypoint.sh: Launching /docker-entrypoint.d/10-listen-on-ipv6-by-default.sh
nginx-1  | 10-listen-on-ipv6-by-default.sh: info: /etc/nginx/conf.d/default.conf is not a file or does not exist
nginx-1  | /docker-entrypoint.sh: Sourcing /docker-entrypoint.d/15-local-resolvers.envsh
nginx-1  | /docker-entrypoint.sh: Launching /docker-entrypoint.d/20-envsubst-on-templates.sh
nginx-1  | /docker-entrypoint.sh: Launching /docker-entrypoint.d/30-tune-worker-processes.sh
nginx-1  | /docker-entrypoint.sh: Configuration complete; ready for start up
nginx-1  | 2025/12/31 16:42:18 [warn] 1#1: the "listen ... http2" directive is deprecated, use the "http2" directive instead in /etc/nginx/conf.d/site.conf:39
nginx-1  | nginx: [warn] the "listen ... http2" directive is deprecated, use the "http2" directive instead in /etc/nginx/conf.d/site.conf:39
nginx-1  | 2025/12/31 16:42:18 [warn] 1#1: the "listen ... http2" directive is deprecated, use the "http2" directive instead in /etc/nginx/conf.d/site.conf:40
nginx-1  | nginx: [warn] the "listen ... http2" directive is deprecated, use the "http2" directive instead in /etc/nginx/conf.d/site.conf:40
nginx-1  | 2025/12/31 16:42:18 [emerg] 1#1: SSL_CTX_set_cipher_list("ECDHE-ECDSA-AES128-GCM-SHA256:
nginx-1  | ECDHE-RSA-AES128-GCM-SHA256:
nginx-1  | ECDHE-ECDSA-AES256-GCM-SHA384:
nginx-1  | ECDHE-RSA-AES256-GCM-SHA384:
nginx-1  | ECDHE-ECDSA-CHACHA20-POLY1305:
nginx-1  | ECDHE-RSA-CHACHA20-POLY1305:
nginx-1  | DHE-RSA-AES128-GCM-SHA256:
nginx-1  | DHE-RSA-AES256-GCM-SHA384:
nginx-1  | DHE-RSA-CHACHA20-POLY1305") failed (SSL: error:0A000118:SSL routines::invalid command)
nginx-1  | nginx: [emerg] SSL_CTX_set_cipher_list("ECDHE-ECDSA-AES128-GCM-SHA256:
nginx-1  | ECDHE-RSA-AES128-GCM-SHA256:
nginx-1  | ECDHE-ECDSA-AES256-GCM-SHA384:
nginx-1  | ECDHE-RSA-AES256-GCM-SHA384:
nginx-1  | ECDHE-ECDSA-CHACHA20-POLY1305:
nginx-1  | ECDHE-RSA-CHACHA20-POLY1305:
nginx-1  | DHE-RSA-AES128-GCM-SHA256:
nginx-1  | DHE-RSA-AES256-GCM-SHA384:
nginx-1  | DHE-RSA-CHACHA20-POLY1305") failed (SSL: error:0A000118:SSL routines::invalid command)
redis-1  | 1:C 31 Dec 2025 16:41:30.802 * oO0OoO0OoO0Oo Redis is starting oO0OoO0OoO0Oo
redis-1  | 1:C 31 Dec 2025 16:41:30.802 * Redis version=7.2.5, bits=64, commit=00000000, modified=0, pid=1, just started
redis-1  | 1:C 31 Dec 2025 16:41:30.802 * Configuration loaded
redis-1  | 1:M 31 Dec 2025 16:41:30.803 * Increased maximum number of open files to 10032 (it was originally set to 1024).
redis-1  | 1:M 31 Dec 2025 16:41:30.803 * monotonic clock: POSIX clock_gettime
redis-1  | 1:M 31 Dec 2025 16:41:30.805 * Running mode=standalone, port=6379.
redis-1  | 1:M 31 Dec 2025 16:41:30.807 * Server initialized
redis-1  | 1:M 31 Dec 2025 16:41:30.808 * Ready to accept connections tcp
web-1    | [entrypoint] =========================================
web-1    | [entrypoint] Starting supasuge.com Flask Application
web-1    | [entrypoint] =========================================
web-1    | [entrypoint] Waiting for database to be ready...
web-1    | [entrypoint] Attempt 1/30 - waiting for database...
web-1    | [entrypoint] Attempt 2/30 - waiting for database...
web-1    | [entrypoint] Database is ready!
web-1    | [entrypoint] Skipping migrations (RUN_MIGRATIONS=0)
web-1    | [entrypoint] Running one-shot content sync...
web-1    | Traceback (most recent call last):
web-1    |   File "/usr/local/lib/python3.12/site-packages/sqlalchemy/engine/base.py", line 1967, in _exec_single_context
web-1    |     self.dialect.do_execute(
web-1    |   File "/usr/local/lib/python3.12/site-packages/sqlalchemy/engine/default.py", line 924, in do_execute
web-1    |     cursor.execute(statement, parameters)
web-1    |   File "/usr/local/lib/python3.12/site-packages/pymysql/cursors.py", line 153, in execute
web-1    |     result = self._query(query)
web-1    |              ^^^^^^^^^^^^^^^^^^
web-1    |   File "/usr/local/lib/python3.12/site-packages/pymysql/cursors.py", line 322, in _query
web-1    |     conn.query(q)
web-1    |   File "/usr/local/lib/python3.12/site-packages/pymysql/connections.py", line 563, in query
web-1    |     self._affected_rows = self._read_query_result(unbuffered=unbuffered)
web-1    |                           ^^^^^^^^^^^^^^^^^^^^^^^^^^^^^^^^^^^^^^^^^^^^^^
web-1    |   File "/usr/local/lib/python3.12/site-packages/pymysql/connections.py", line 825, in _read_query_result
web-1    |     result.read()
web-1    |   File "/usr/local/lib/python3.12/site-packages/pymysql/connections.py", line 1199, in read
web-1    |     first_packet = self.connection._read_packet()
web-1    |                    ^^^^^^^^^^^^^^^^^^^^^^^^^^^^^^
web-1    |   File "/usr/local/lib/python3.12/site-packages/pymysql/connections.py", line 775, in _read_packet
web-1    |     packet.raise_for_error()
web-1    |   File "/usr/local/lib/python3.12/site-packages/pymysql/protocol.py", line 219, in raise_for_error
web-1    |     err.raise_mysql_exception(self._data)
web-1    |   File "/usr/local/lib/python3.12/site-packages/pymysql/err.py", line 150, in raise_mysql_exception
web-1    |     raise errorclass(errno, errval)
web-1    | pymysql.err.ProgrammingError: (1146, "Table 'blog.posts' doesn't exist")
web-1    |
web-1    | The above exception was the direct cause of the following exception:
web-1    |
web-1    | Traceback (most recent call last):
web-1    |   File "<stdin>", line 13, in <module>
web-1    |   File "/app/content_sync.py", line 72, in sync_content
web-1    |     existing_posts: List[Post] = db.query(Post).all()
web-1    |                                  ^^^^^^^^^^^^^^^^^^^^
web-1    |   File "/usr/local/lib/python3.12/site-packages/sqlalchemy/orm/query.py", line 2673, in all
web-1    |     return self._iter().all()  # type: ignore
web-1    |            ^^^^^^^^^^^^
web-1    |   File "/usr/local/lib/python3.12/site-packages/sqlalchemy/orm/query.py", line 2827, in _iter
web-1    |     result: Union[ScalarResult[_T], Result[_T]] = self.session.execute(
web-1    |                                                   ^^^^^^^^^^^^^^^^^^^^^
web-1    |   File "/usr/local/lib/python3.12/site-packages/sqlalchemy/orm/session.py", line 2351, in execute
web-1    |     return self._execute_internal(
web-1    |            ^^^^^^^^^^^^^^^^^^^^^^^
db-1     | 2025-12-31 16:41:30+00:00 [Note] [Entrypoint]: Entrypoint script for MySQL Server 8.0.36-1.el8 started.
db-1     | 2025-12-31 16:41:31+00:00 [Note] [Entrypoint]: Switching to dedicated user 'mysql'
db-1     | 2025-12-31 16:41:31+00:00 [Note] [Entrypoint]: Entrypoint script for MySQL Server 8.0.36-1.el8 started.
db-1     | 2025-12-31 16:41:31+00:00 [Note] [Entrypoint]: Initializing database files
db-1     | 2025-12-31T16:41:31.595099Z 0 [Warning] [MY-011068] [Server] The syntax '--skip-host-cache' is deprecated and will be removed in a future release. Please use SET GLOBAL host_cache_size=0 instead.
db-1     | 2025-12-31T16:41:31.595344Z 0 [System] [MY-013169] [Server] /usr/sbin/mysqld (mysqld 8.0.36) initializing of server in progress as process 78
db-1     | 2025-12-31T16:41:31.610020Z 1 [System] [MY-013576] [InnoDB] InnoDB initialization has started.
db-1     | 2025-12-31T16:41:32.244921Z 1 [System] [MY-013577] [InnoDB] InnoDB initialization has ended.
db-1     | 2025-12-31T16:41:33.318557Z 6 [Warning] [MY-010453] [Server] root@localhost is created with an empty password ! Please consider switching off the --initialize-insecure option.
db-1     | 2025-12-31 16:41:36+00:00 [Note] [Entrypoint]: Database files initialized
db-1     | 2025-12-31 16:41:36+00:00 [Note] [Entrypoint]: Starting temporary server
db-1     | 2025-12-31T16:41:37.279187Z 0 [Warning] [MY-011068] [Server] The syntax '--skip-host-cache' is deprecated and will be removed in a future release. Please use SET GLOBAL host_cache_size=0 instead.
db-1     | 2025-12-31T16:41:37.286325Z 0 [System] [MY-010116] [Server] /usr/sbin/mysqld (mysqld 8.0.36) starting as process 124
db-1     | 2025-12-31T16:41:37.351385Z 1 [System] [MY-013576] [InnoDB] InnoDB initialization has started.
db-1     | 2025-12-31T16:41:37.878339Z 1 [System] [MY-013577] [InnoDB] InnoDB initialization has ended.
db-1     | 2025-12-31T16:41:38.459147Z 0 [Warning] [MY-010068] [Server] CA certificate ca.pem is self signed.
db-1     | 2025-12-31T16:41:38.459672Z 0 [System] [MY-013602] [Server] Channel mysql_main configured to support TLS. Encrypted connections are now supported for this channel.
db-1     | 2025-12-31T16:41:38.463321Z 0 [Warning] [MY-011810] [Server] Insecure configuration for --pid-file: Location '/var/run/mysqld' in the path is accessible to all OS users. Consider choosing a different directory.
db-1     | 2025-12-31T16:41:38.496053Z 0 [System] [MY-011323] [Server] X Plugin ready for connections. Socket: /var/run/mysqld/mysqlx.sock
db-1     | 2025-12-31T16:41:38.496802Z 0 [System] [MY-010931] [Server] /usr/sbin/mysqld: ready for connections. Version: '8.0.36'  socket: '/var/run/mysqld/mysqld.sock'  port: 0  MySQL Community Server - GPL.
web-1    |   File "/usr/local/lib/python3.12/site-packages/sqlalchemy/orm/session.py", line 2236, in _execute_internal
web-1    |     result: Result[Any] = compile_state_cls.orm_execute_statement(
web-1    |                           ^^^^^^^^^^^^^^^^^^^^^^^^^^^^^^^^^^^^^^^^
web-1    |   File "/usr/local/lib/python3.12/site-packages/sqlalchemy/orm/context.py", line 293, in orm_execute_statement
web-1    |     result = conn.execute(
web-1    |              ^^^^^^^^^^^^^
web-1    |   File "/usr/local/lib/python3.12/site-packages/sqlalchemy/engine/base.py", line 1418, in execute
web-1    |     return meth(
web-1    |            ^^^^^
web-1    |   File "/usr/local/lib/python3.12/site-packages/sqlalchemy/sql/elements.py", line 515, in _execute_on_connection
web-1    |     return connection._execute_clauseelement(
web-1    |            ^^^^^^^^^^^^^^^^^^^^^^^^^^^^^^^^^^
web-1    |   File "/usr/local/lib/python3.12/site-packages/sqlalchemy/engine/base.py", line 1640, in _execute_clauseelement
web-1    |     ret = self._execute_context(
web-1    |           ^^^^^^^^^^^^^^^^^^^^^^
web-1    |   File "/usr/local/lib/python3.12/site-packages/sqlalchemy/engine/base.py", line 1846, in _execute_context
web-1    |     return self._exec_single_context(
web-1    |            ^^^^^^^^^^^^^^^^^^^^^^^^^^
web-1    |   File "/usr/local/lib/python3.12/site-packages/sqlalchemy/engine/base.py", line 1986, in _exec_single_context
web-1    |     self._handle_dbapi_exception(
web-1    |   File "/usr/local/lib/python3.12/site-packages/sqlalchemy/engine/base.py", line 2353, in _handle_dbapi_exception
web-1    |     raise sqlalchemy_exception.with_traceback(exc_info[2]) from e
web-1    |   File "/usr/local/lib/python3.12/site-packages/sqlalchemy/engine/base.py", line 1967, in _exec_single_context
web-1    |     self.dialect.do_execute(
web-1    |   File "/usr/local/lib/python3.12/site-packages/sqlalchemy/engine/default.py", line 924, in do_execute
web-1    |     cursor.execute(statement, parameters)
web-1    |   File "/usr/local/lib/python3.12/site-packages/pymysql/cursors.py", line 153, in execute
web-1    |     result = self._query(query)
web-1    |              ^^^^^^^^^^^^^^^^^^
web-1    |   File "/usr/local/lib/python3.12/site-packages/pymysql/cursors.py", line 322, in _query
web-1    |     conn.query(q)
web-1    |   File "/usr/local/lib/python3.12/site-packages/pymysql/connections.py", line 563, in query
web-1    |     self._affected_rows = self._read_query_result(unbuffered=unbuffered)
web-1    |                           ^^^^^^^^^^^^^^^^^^^^^^^^^^^^^^^^^^^^^^^^^^^^^^
web-1    |   File "/usr/local/lib/python3.12/site-packages/pymysql/connections.py", line 825, in _read_query_result
web-1    |     result.read()
web-1    |   File "/usr/local/lib/python3.12/site-packages/pymysql/connections.py", line 1199, in read
web-1    |     first_packet = self.connection._read_packet()
web-1    |                    ^^^^^^^^^^^^^^^^^^^^^^^^^^^^^^
web-1    |   File "/usr/local/lib/python3.12/site-packages/pymysql/connections.py", line 775, in _read_packet
web-1    |     packet.raise_for_error()
web-1    |   File "/usr/local/lib/python3.12/site-packages/pymysql/protocol.py", line 219, in raise_for_error
web-1    |     err.raise_mysql_exception(self._data)
web-1    |   File "/usr/local/lib/python3.12/site-packages/pymysql/err.py", line 150, in raise_mysql_exception
web-1    |     raise errorclass(errno, errval)
web-1    | sqlalchemy.exc.ProgrammingError: (pymysql.err.ProgrammingError) (1146, "Table 'blog.posts' doesn't exist")
web-1    | [SQL: SELECT posts.id AS posts_id, posts.slug AS posts_slug, posts.title AS posts_title, posts.summary AS posts_summary, posts.content_md AS posts_content_md, posts.content_html AS posts_content_html, posts.category_id AS posts_category_id, posts.source_path AS posts_source_path, posts.subpath AS posts_subpath, posts.content_sha256 AS posts_content_sha256, posts.published AS posts_published, posts.created_at AS posts_created_at, posts.updated_at AS posts_updated_at
web-1    | FROM posts]
web-1    | (Background on this error at: https://sqlalche.me/e/20/f405)
web-1    | [entrypoint] Content sync failed (non-fatal, continuing...)
web-1    | [entrypoint] Starting Gunicorn WSGI server...
web-1    | [entrypoint] Configuration:
web-1    | [entrypoint]   Workers: 2
web-1    | [entrypoint]   Threads: 4
web-1    | [entrypoint]   Bind: 0.0.0.0:8000
web-1    | [entrypoint]   Log Level: info
web-1    | [2025-12-31 16:42:02 +0000] [7] [INFO] Starting gunicorn 22.0.0
web-1    | [2025-12-31 16:42:02 +0000] [7] [INFO] Listening at: http://0.0.0.0:8000 (7)
web-1    | [2025-12-31 16:42:02 +0000] [7] [INFO] Using worker: gthread
web-1    | [2025-12-31 16:42:02 +0000] [35] [INFO] Booting worker with pid: 35
web-1    | [2025-12-31 16:42:02 +0000] [36] [INFO] Booting worker with pid: 36
web-1    | 127.0.0.1 - - [31/Dec/2025:16:42:06 +0000] "GET /health HTTP/1.1" 200 42 "-" "Python-urllib/3.12"
db-1     | 2025-12-31 16:41:38+00:00 [Note] [Entrypoint]: Temporary server started.
db-1     | '/var/lib/mysql/mysql.sock' -> '/var/run/mysqld/mysqld.sock'
db-1     | Warning: Unable to load '/usr/share/zoneinfo/iso3166.tab' as time zone. Skipping it.
db-1     | Warning: Unable to load '/usr/share/zoneinfo/leap-seconds.list' as time zone. Skipping it.
db-1     | Warning: Unable to load '/usr/share/zoneinfo/leapseconds' as time zone. Skipping it.
db-1     | Warning: Unable to load '/usr/share/zoneinfo/tzdata.zi' as time zone. Skipping it.
db-1     | Warning: Unable to load '/usr/share/zoneinfo/zone.tab' as time zone. Skipping it.
db-1     | Warning: Unable to load '/usr/share/zoneinfo/zone1970.tab' as time zone. Skipping it.
db-1     | 2025-12-31 16:41:47+00:00 [Note] [Entrypoint]: Creating database blog
db-1     | 2025-12-31 16:41:47+00:00 [Note] [Entrypoint]: Creating user blogapp
db-1     | 2025-12-31 16:41:47+00:00 [Note] [Entrypoint]: Giving user blogapp access to schema blog
db-1     |
db-1     | 2025-12-31 16:41:47+00:00 [Note] [Entrypoint]: Stopping temporary server
db-1     | 2025-12-31T16:41:47.347839Z 14 [System] [MY-013172] [Server] Received SHUTDOWN from user root. Shutting down mysqld (Version: 8.0.36).
db-1     | 2025-12-31T16:41:49.205504Z 0 [System] [MY-010910] [Server] /usr/sbin/mysqld: Shutdown complete (mysqld 8.0.36)  MySQL Community Server - GPL.
db-1     | 2025-12-31 16:41:49+00:00 [Note] [Entrypoint]: Temporary server stopped
db-1     |
db-1     | 2025-12-31 16:41:49+00:00 [Note] [Entrypoint]: MySQL init process done. Ready for start up.
db-1     |
db-1     | 2025-12-31T16:41:50.991023Z 0 [Warning] [MY-011068] [Server] The syntax '--skip-host-cache' is deprecated and will be removed in a future release. Please use SET GLOBAL host_cache_size=0 instead.
db-1     | 2025-12-31T16:41:51.011478Z 0 [System] [MY-010116] [Server] /usr/sbin/mysqld (mysqld 8.0.36) starting as process 1
db-1     | 2025-12-31T16:41:51.097161Z 1 [System] [MY-013576] [InnoDB] InnoDB initialization has started.
db-1     | 2025-12-31T16:41:52.363321Z 1 [System] [MY-013577] [InnoDB] InnoDB initialization has ended.
db-1     | 2025-12-31T16:41:52.920735Z 0 [Warning] [MY-010068] [Server] CA certificate ca.pem is self signed.
db-1     | 2025-12-31T16:41:52.921157Z 0 [System] [MY-013602] [Server] Channel mysql_main configured to support TLS. Encrypted connections are now supported for this channel.
db-1     | 2025-12-31T16:41:52.923421Z 0 [Warning] [MY-011810] [Server] Insecure configuration for --pid-file: Location '/var/run/mysqld' in the path is accessible to all OS users. Consider choosing a different directory.
db-1     | 2025-12-31T16:41:52.959754Z 0 [System] [MY-011323] [Server] X Plugin ready for connections. Bind-address: '::' port: 33060, socket: /var/run/mysqld/mysqlx.sock
db-1     | 2025-12-31T16:41:52.960232Z 0 [System] [MY-010931] [Server] /usr/sbin/mysqld: ready for connections. Version: '8.0.36'  socket: '/var/run/mysqld/mysqld.sock'  port: 3306  MySQL Community Server - GPL.